<?xml version="1.0" encoding="UTF-8"?>
<!-- Generated by org.testng.reporters.JUnitReportReporter -->
<testsuite skipped="0" hostname="DESKTOP-RQ7DP46" name="genericlibrary.Excel" tests="1" failures="0" timestamp="22 Jun 2018 10:34:22 GMT" time="0.008" errors="0">
  <testcase name="anuj" time="0.008" classname="genericlibrary.Excel"/>
</testsuite> <!-- genericlibrary.Excel -->
