<?xml version="1.0" encoding="UTF-8"?>
<!-- Generated by org.testng.reporters.JUnitReportReporter -->
<testsuite skipped="0" hostname="DESKTOP-RQ7DP46" name="scripts.VegOnlyFilterScript" tests="1" failures="0" timestamp="25 Jun 2018 10:11:46 GMT" time="31.789" errors="0">
  <testcase name="vegonly" time="31.789" classname="scripts.VegOnlyFilterScript"/>
</testsuite> <!-- scripts.VegOnlyFilterScript -->
