<?xml version="1.0" encoding="UTF-8"?>
<!-- Generated by org.testng.reporters.JUnitReportReporter -->
<testsuite skipped="0" hostname="DESKTOP-RQ7DP46" name="scripts.EditProfile" tests="1" failures="0" timestamp="25 Jun 2018 10:11:46 GMT" time="24.793" errors="0">
  <testcase name="test" time="24.793" classname="scripts.EditProfile"/>
</testsuite> <!-- scripts.EditProfile -->
