<?xml version="1.0" encoding="UTF-8"?>
<!-- Generated by org.testng.reporters.JUnitReportReporter -->
<testsuite skipped="0" hostname="DESKTOP-RQ7DP46" name="genericlibrary.BaseTest" tests="1" failures="0" timestamp="19 Jun 2018 12:04:50 GMT" time="11.132" errors="0">
  <testcase name="t" time="11.132" classname="genericlibrary.BaseTest"/>
</testsuite> <!-- genericlibrary.BaseTest -->
