<?xml version="1.0" encoding="UTF-8"?>
<!-- Generated by org.testng.reporters.JUnitReportReporter -->
<testsuite skipped="0" hostname="DESKTOP-RQ7DP46" name="scripts.CostForTwoscript" tests="1" failures="0" timestamp="25 Jun 2018 10:11:46 GMT" time="33.116" errors="0">
  <testcase name="costfortwo" time="33.116" classname="scripts.CostForTwoscript"/>
</testsuite> <!-- scripts.CostForTwoscript -->
